#
# There is insufficient memory for the Java Runtime Environment to continue.
# Native memory allocation (mmap) failed to map 65011712 bytes for G1 virtual space
# Possible reasons:
#   The system is out of physical RAM or swap space
#   The process is running with CompressedOops enabled, and the Java Heap may be blocking the growth of the native heap
# Possible solutions:
#   Reduce memory load on the system
#   Increase physical memory or swap space
#   Check if swap backing store is full
#   Decrease Java heap size (-Xmx/-Xms)
#   Decrease number of Java threads
#   Decrease Java thread stack sizes (-Xss)
#   Set larger code cache with -XX:ReservedCodeCacheSize=
#   JVM is running with Unscaled Compressed Oops mode in which the Java heap is
#     placed in the first 4GB address space. The Java Heap base address is the
#     maximum limit for the native heap growth. Please use -XX:HeapBaseMinAddress
#     to set the Java Heap base and to place the Java Heap above 4GB virtual address.
# This output file may be truncated or incomplete.
#
#  Out of Memory Error (os_windows.cpp:3527), pid=11668, tid=18564
#
# JRE version:  (19.0.1+10) (build )
# Java VM: Java HotSpot(TM) 64-Bit Server VM (19.0.1+10-21, mixed mode, sharing, tiered, compressed oops, compressed class ptrs, g1 gc, windows-amd64)
# No core dump will be written. Minidumps are not enabled by default on client versions of Windows
#

---------------  S U M M A R Y ------------

Command Line: -javaagent:C:\Program Files\JetBrains\IntelliJ IDEA Community Edition 2023.2.5\lib\idea_rt.jar=59584:C:\Program Files\JetBrains\IntelliJ IDEA Community Edition 2023.2.5\bin -Dfile.encoding=UTF-8 -Dsun.stdout.encoding=UTF-8 -Dsun.stderr.encoding=UTF-8 com.application.product.GatewayApplication

Host: Intel(R) Celeron(R) N4020 CPU @ 1.10GHz, 2 cores, 3G,  Windows 11 , 64 bit Build 22000 (10.0.22000.2538)
Time: Mon Nov 27 14:08:18 2023 Hora oficial do Brasil elapsed time: 1.294846 seconds (0d 0h 0m 1s)

---------------  T H R E A D  ---------------

Current thread (0x0000021d44a425c0):  JavaThread "Unknown thread" [_thread_in_vm, id=18564, stack(0x000000621e900000,0x000000621ea00000)]

Stack: [0x000000621e900000,0x000000621ea00000]
Native frames: (J=compiled Java code, j=interpreted, Vv=VM code, C=native code)
V  [jvm.dll+0x6ee8fa]
V  [jvm.dll+0x857a1e]
V  [jvm.dll+0x85940e]
V  [jvm.dll+0x859ac3]
V  [jvm.dll+0x28291f]
V  [jvm.dll+0x6eb6e9]
V  [jvm.dll+0x6e028a]
V  [jvm.dll+0x357136]
V  [jvm.dll+0x35eb96]
V  [jvm.dll+0x3b555e]
V  [jvm.dll+0x3b578f]
V  [jvm.dll+0x32c6ea]
V  [jvm.dll+0x32d59e]
V  [jvm.dll+0x821b20]
V  [jvm.dll+0x3c27c1]
V  [jvm.dll+0x8022f1]
V  [jvm.dll+0x44b30f]
V  [jvm.dll+0x44cc91]
C  [jli.dll+0x5287]
C  [ucrtbase.dll+0x26c0c]
C  [KERNEL32.DLL+0x153e0]
C  [ntdll.dll+0x485b]


---------------  P R O C E S S  ---------------

Threads class SMR info:
_java_thread_list=0x00007ff81a95d048, length=0, elements={
}

Java Threads: ( => current thread )

Other Threads:
  0x0000021d44a80c70 WorkerThread "GC Thread#0" [stack: 0x000000621ea00000,0x000000621eb00000] [id=16996]
  0x0000021d44a89650 ConcurrentGCThread "G1 Main Marker" [stack: 0x000000621eb00000,0x000000621ec00000] [id=11460]
  0x0000021d44a8a080 WorkerThread "G1 Conc#0" [stack: 0x000000621ec00000,0x000000621ed00000] [id=19988]

[error occurred during error reporting (printing all threads), id 0xc0000005, EXCEPTION_ACCESS_VIOLATION (0xc0000005) at pc=0x00007ff81a11d127]

VM state: not at safepoint (not fully initialized)

VM Mutex/Monitor currently owned by a thread:  ([mutex/lock_event])
[0x0000021d44a3b110] Heap_lock - owner thread: 0x0000021d44a425c0

Heap address: 0x00000000c2c00000, size: 980 MB, Compressed Oops mode: 32-bit

CDS archive(s) mapped at: [0x0000000000000000-0x0000000000000000-0x0000000000000000), size 0, SharedBaseAddress: 0x0000000800000000, ArchiveRelocationMode: 0.
Narrow klass base: 0x0000000000000000, Narrow klass shift: 0, Narrow klass range: 0x0

GC Precious Log:
 CardTable entry size: 512
 Card Set container configuration: InlinePtr #cards 5 size 8 Array Of Cards #cards 12 size 40 Howl #buckets 4 coarsen threshold 1843 Howl Bitmap #cards 512 size 80 coarsen threshold 460 Card regions per heap region 1 cards per card region 2048

Heap:
 garbage-first heap   total 0K, used 0K [0x00000000c2c00000, 0x0000000100000000)
  region size 1024K, 0 young (0K), 0 survivors (0K)

[error occurred during error reporting (printing heap information), id 0xc0000005, EXCEPTION_ACCESS_VIOLATION (0xc0000005) at pc=0x00007ff81a526959]

GC Heap History (0 events):
No events

Dll operation events (1 events):
Event: 0.731 Loaded shared library C:\Program Files\Java\jdk-19\bin\java.dll

Deoptimization events (0 events):
No events

Classes loaded (0 events):
No events

Classes unloaded (0 events):
No events

Classes redefined (0 events):
No events

Internal exceptions (0 events):
No events

VM Operations (0 events):
No events

Events (0 events):
No events


Dynamic libraries:
0x00007ff6b4860000 - 0x00007ff6b4870000 	C:\Program Files\Java\jdk-19\bin\java.exe
0x00007ff894bc0000 - 0x00007ff894dc9000 	C:\Windows\SYSTEM32\ntdll.dll
0x00007ff892b50000 - 0x00007ff892c0d000 	C:\Windows\System32\KERNEL32.DLL
0x00007ff892490000 - 0x00007ff892814000 	C:\Windows\System32\KERNELBASE.dll
0x00007ff892190000 - 0x00007ff8922a1000 	C:\Windows\System32\ucrtbase.dll
0x00007ff870360000 - 0x00007ff87037b000 	C:\Program Files\Java\jdk-19\bin\VCRUNTIME140.dll
0x00007ff870380000 - 0x00007ff870398000 	C:\Program Files\Java\jdk-19\bin\jli.dll
0x00007ff8942d0000 - 0x00007ff89437e000 	C:\Windows\System32\ADVAPI32.dll
0x00007ff892fd0000 - 0x00007ff893073000 	C:\Windows\System32\msvcrt.dll
0x00007ff893230000 - 0x00007ff8932ce000 	C:\Windows\System32\sechost.dll
0x00007ff894a50000 - 0x00007ff894b71000 	C:\Windows\System32\RPCRT4.dll
0x00007ff893080000 - 0x00007ff89322d000 	C:\Windows\System32\USER32.dll
0x00007ff8920f0000 - 0x00007ff892116000 	C:\Windows\System32\win32u.dll
0x00007ff894920000 - 0x00007ff89494a000 	C:\Windows\System32\GDI32.dll
0x00007ff8922b0000 - 0x00007ff8923ce000 	C:\Windows\System32\gdi32full.dll
0x00007ff892050000 - 0x00007ff8920ed000 	C:\Windows\System32\msvcp_win.dll
0x00007ff886610000 - 0x00007ff8868b5000 	C:\Windows\WinSxS\amd64_microsoft.windows.common-controls_6595b64144ccf1df_6.0.22000.120_none_9d947278b86cc467\COMCTL32.dll
0x00007ff88fe70000 - 0x00007ff88fe7a000 	C:\Windows\SYSTEM32\VERSION.dll
0x00007ff893380000 - 0x00007ff8933b1000 	C:\Windows\System32\IMM32.DLL
0x00007ff870990000 - 0x00007ff87099c000 	C:\Program Files\Java\jdk-19\bin\vcruntime140_1.dll
0x00007ff86fd50000 - 0x00007ff86fdde000 	C:\Program Files\Java\jdk-19\bin\msvcp140.dll
0x00007ff819de0000 - 0x00007ff81aaa0000 	C:\Program Files\Java\jdk-19\bin\server\jvm.dll
0x00007ff88a2b0000 - 0x00007ff88a2b9000 	C:\Windows\SYSTEM32\WSOCK32.dll
0x00007ff894970000 - 0x00007ff8949df000 	C:\Windows\System32\WS2_32.dll
0x00007ff88d840000 - 0x00007ff88d873000 	C:\Windows\SYSTEM32\WINMM.dll
0x00007ff891080000 - 0x00007ff891098000 	C:\Windows\SYSTEM32\kernel.appcore.dll
0x00007ff870350000 - 0x00007ff87035a000 	C:\Program Files\Java\jdk-19\bin\jimage.dll
0x00007ff88e730000 - 0x00007ff88e951000 	C:\Windows\SYSTEM32\DBGHELP.DLL
0x00007ff88afe0000 - 0x00007ff88b011000 	C:\Windows\SYSTEM32\dbgcore.DLL
0x00007ff892990000 - 0x00007ff892a0f000 	C:\Windows\System32\bcryptPrimitives.dll
0x00007ff88fc90000 - 0x00007ff88fc9e000 	C:\Program Files\Java\jdk-19\bin\instrument.dll
0x00007ff8663a0000 - 0x00007ff8663c6000 	C:\Program Files\Java\jdk-19\bin\java.dll

dbghelp: loaded successfully - version: 4.0.5 - missing functions: none
symbol engine: initialized successfully - sym options: 0x614 - pdb path: .;C:\Program Files\Java\jdk-19\bin;C:\Windows\SYSTEM32;C:\Windows\WinSxS\amd64_microsoft.windows.common-controls_6595b64144ccf1df_6.0.22000.120_none_9d947278b86cc467;C:\Program Files\Java\jdk-19\bin\server

VM Arguments:
jvm_args: -javaagent:C:\Program Files\JetBrains\IntelliJ IDEA Community Edition 2023.2.5\lib\idea_rt.jar=59584:C:\Program Files\JetBrains\IntelliJ IDEA Community Edition 2023.2.5\bin -Dfile.encoding=UTF-8 -Dsun.stdout.encoding=UTF-8 -Dsun.stderr.encoding=UTF-8 
java_command: com.application.product.GatewayApplication
java_class_path (initial): C:\Users\felip\Downloads\PROJETO-FINAL-GITHUB-UTIL\Java\backend\Gate-way\registration\target\classes;C:\Users\felip\.m2\repository\org\springframework\cloud\spring-cloud-starter\4.0.1\spring-cloud-starter-4.0.1.jar;C:\Users\felip\.m2\repository\org\springframework\boot\spring-boot-starter\3.0.4\spring-boot-starter-3.0.4.jar;C:\Users\felip\.m2\repository\org\springframework\boot\spring-boot\3.0.4\spring-boot-3.0.4.jar;C:\Users\felip\.m2\repository\org\springframework\spring-context\6.0.6\spring-context-6.0.6.jar;C:\Users\felip\.m2\repository\org\springframework\spring-aop\6.0.6\spring-aop-6.0.6.jar;C:\Users\felip\.m2\repository\org\springframework\spring-expression\6.0.6\spring-expression-6.0.6.jar;C:\Users\felip\.m2\repository\org\springframework\boot\spring-boot-autoconfigure\3.0.4\spring-boot-autoconfigure-3.0.4.jar;C:\Users\felip\.m2\repository\org\springframework\boot\spring-boot-starter-logging\3.0.4\spring-boot-starter-logging-3.0.4.jar;C:\Users\felip\.m2\repository\ch\qos\logback\logback-classic\1.4.5\logback-classic-1.4.5.jar;C:\Users\felip\.m2\repository\ch\qos\logback\logback-core\1.4.5\logback-core-1.4.5.jar;C:\Users\felip\.m2\repository\org\apache\logging\log4j\log4j-to-slf4j\2.19.0\log4j-to-slf4j-2.19.0.jar;C:\Users\felip\.m2\repository\org\apache\logging\log4j\log4j-api\2.19.0\log4j-api-2.19.0.jar;C:\Users\felip\.m2\repository\org\slf4j\jul-to-slf4j\2.0.6\jul-to-slf4j-2.0.6.jar;C:\Users\felip\.m2\repository\jakarta\annotation\jakarta.annotation-api\2.1.1\jakarta.annotation-api-2.1.1.jar;C:\Users\felip\.m2\repository\org\springframework\spring-core\6.0.6\spring-core-6.0.6.jar;C:\Users\felip\.m2\repository\org\springframework\spring-jcl\6.0.6\spring-jcl-6.0.6.jar;C:\Users\felip\.m2\repository\org\yaml\snakeyaml\1.33\snakeyaml-1.33.jar;C:\Users\felip\.m2\repository\org\springframework\cloud\spring-cloud-context\4.0.1\spring-cloud-context-4.0.1.jar;C:\Users\felip\.m2\repository\org\springframework\security\spring-security-crypto\6.0.2\spring-security-crypto-6.0.2.jar;C:\Users\felip\.m2\repository\org\springframework\cloud\spring-cloud-commons\4.0.1\spring-cloud-commons-4.0.1.jar;C:\Users\felip\.m2\repository\org\springframework\security\spring-security-rsa\1.0.11.RELEASE\spring-security-rsa-1.0.11.RELEASE.jar;C:\Users\felip\.m2\repository\org\bouncycastle\bcpkix-jdk15on\1.69\bcpkix-jdk15on-1.69.jar;C:\Users\felip\.m2\repository\org\bouncycastle\bcprov-jdk15on\1.69\bcprov-jdk15on-1.69.jar;C:\Users\felip\.m2\repository\org\bouncycastle\bcutil-jdk15on\1.69\bcutil-jdk15on-1.69.jar;C:\Users\felip\.m2\repository\org\springframework\cloud\spring-cloud-starter-gateway\4.0.1\spring-cloud-starter-gateway-4.0.1.jar;C:\Users\felip\.m2\repository\org\springframework\cloud\spring-cloud-gateway-server\4.0.1\spring-cloud-gateway-server-4.0.1.jar;C:\Users\felip\.m2\repository\org\springframework\boot\spring-boot-starter-validation\3.0.4\spring-boot-starter-validation-3.0.4.jar;C:\Users\felip\.m2\repository\org\apache\tomcat\embed\tomcat-embed-el\10.1.5\tomcat-embed-el-10.1.5.jar;C:\Users\felip\.m2\repository\org\hibernate\validator\hibernate-validator\8.0.0.Final\hibernate-validator-8.0.0.Final.jar;C:\Users\felip\.m2\repository\jakarta\validation\jakarta.validation-api\3.0.2\jakarta.validation-api-3.0.2.jar;C:\Users\felip\.m2\repository\org\jboss\logging\jboss-logging\3.5.0.Final\jboss-logging-3.5.0.Final.jar;C:\Users\felip\.m2\repository\com\fasterxml\classmate\1.5.1\classmate-1.5.1.jar;C:\Users\felip\.m2\repository\io\projectreactor\addons\reactor-extra\3.5.0\reactor-extra-3.5.0.jar;C:\Users\felip\.m2\repository\io\projectreactor\reactor-core\3.5.3\reactor-core-3.5.3.jar;C:\Users\felip\.m2\repository\org\reactivestreams\reactive-streams\1.0.4\reactive-streams-1.0.4.jar;C:\Users\felip\.m2\repository\org\springframework\boot\spring-boot-starter-webflux\3.0.4\spring-boot-starter-webflux-3.0.4.jar;C:\Users\felip\.m2\repository\org\springframework\boot\spring-boot-starter-json\3.0.4\spring-boot-starter-json-3.0.4.jar;C:\Users\felip\.m2\repository\com\fasterxml\jackson\datatype\jackson-datatype-jdk8\2.14.2\jackson-datatype-jdk8-2.14.2.jar;C:\Users\felip\.m2\repository\com\fasterxml\jackson\datatype\jackson-datatype-jsr310\2.14.2\jackson-datatype-jsr310-2.14.2.jar;C:\Users\felip\.m2\repository\com\fasterxml\jackson\module\jackson-module-parameter-names\2.14.2\jackson-module-parameter-names-2.14.2.jar;C:\Users\felip\.m2\repository\org\springframework\boot\spring-boot-starter-reactor-netty\3.0.4\spring-boot-starter-reactor-netty-3.0.4.jar;C:\Users\felip\.m2\repository\io\projectreactor\netty\reactor-netty-http\1.1.4\reactor-netty-http-1.1.4.jar;C:\Users\felip\.m2\repository\io\netty\netty-codec-http\4.1.89.Final\netty-codec-http-4.1.89.Final.jar;C:\Users\felip\.m2\repository\io\netty\netty-common\4.1.89.Final\netty-common-4.1.89.Final.jar;C:\Users\felip\.m2\repository\io\netty\netty-buffer\4.1.89.Final\netty-buffer-4.1.89.Final.jar;C:\Users\felip\.m2\repository\io\netty\netty-transport\4.1.89.Final\netty-transport-4.1.89.Final.jar;C:\Users\felip\.m2\repository\io\netty\netty-codec\4.1.89.Final\netty-codec-4.1.89.Final.jar;C:\Users\felip\.m2\repository\io\netty\netty-handler\4.1.89.Final\netty-handler-4.1.89.Final.jar;C:\Users\felip\.m2\repository\io\netty\netty-codec-http2\4.1.89.Final\netty-codec-http2-4.1.89.Final.jar;C:\Users\felip\.m2\repository\io\netty\netty-resolver-dns\4.1.89.Final\netty-resolver-dns-4.1.89.Final.jar;C:\Users\felip\.m2\repository\io\netty\netty-resolver\4.1.89.Final\netty-resolver-4.1.89.Final.jar;C:\Users\felip\.m2\repository\io\netty\netty-codec-dns\4.1.89.Final\netty-codec-dns-4.1.89.Final.jar;C:\Users\felip\.m2\repository\io\netty\netty-resolver-dns-native-macos\4.1.89.Final\netty-resolver-dns-native-macos-4.1.89.Final-osx-x86_64.jar;C:\Users\felip\.m2\repository\io\netty\netty-resolver-dns-classes-macos\4.1.89.Final\netty-resolver-dns-classes-macos-4.1.89.Final.jar;C:\Users\felip\.m2\repository\io\netty\netty-transport-native-epoll\4.1.89.Final\netty-transport-native-epoll-4.1.89.Final-linux-x86_64.jar;C:\Users\felip\.m2\repository\io\netty\netty-transport-native-unix-common\4.1.89.Final\netty-transport-native-unix-common-4.1.89.Final.jar;C:\Users\felip\.m2\repository\io\netty\netty-transport-classes-epoll\4.1.89.Final\netty-transport-classes-epoll-4.1.89.Final.jar;C:\Users\felip\.m2\repository\io\projectreactor\netty\reactor-netty-core\1.1.4\reactor-netty-core-1.1.4.jar;C:\Users\felip\.m2\repository\io\netty\netty-handler-proxy\4.1.89.Final\netty-handler-proxy-4.1.89.Final.jar;C:\Users\felip\.m2\repository\io\netty\netty-codec-socks\4.1.89.Final\netty-codec-socks-4.1.89.Final.jar;C:\Users\felip\.m2\repository\org\springframework\spring-web\6.0.6\spring-web-6.0.6.jar;C:\Users\felip\.m2\repository\org\springframework\spring-beans\6.0.6\spring-beans-6.0.6.jar;C:\Users\felip\.m2\repository\io\micrometer\micrometer-observation\1.10.4\micrometer-observation-1.10.4.jar;C:\Users\felip\.m2\repository\io\micrometer\micrometer-commons\1.10.4\micrometer-commons-1.10.4.jar;C:\Users\felip\.m2\repository\org\springframework\spring-webflux\6.0.6\spring-webflux-6.0.6.jar;C:\Users\felip\.m2\repository\org\springframework\cloud\spring-cloud-starter-netflix-eureka-client\4.0.0\spring-cloud-starter-netflix-eureka-client-4.0.0.jar;C:\Users\felip\.m2\repository\org\springframework\cloud\spring-cloud-netflix-eureka-client\4.0.0\spring-cloud-netflix-eureka-client-4.0.0.jar;C:\Users\felip\.m2\repository\org\apache\httpcomponents\client5\httpclient5\5.1.4\httpclient5-5.1.4.jar;C:\Users\felip\.m2\repository\org\apache\httpcomponents\core5\httpcore5\5.1.5\httpcore5-5.1.5.jar;C:\Users\felip\.m2\repository\org\apache\httpcomponents\core5\httpcore5-h2\5.1.5\httpcore5-h2-5.1.5.jar;C:\Users\felip\.m2\repository\org\slf4j\slf4j-api\2.0.6\slf4j-api-2.0.6.jar;C:\Users\felip\.m2\repository\commons-codec\commons-codec\1.15\commons-codec-1.15.jar;C:\Users\felip\.m2\repository\com\netflix\eureka\eureka-client\2.0.0\eureka-client-2.0.0.jar;C:\Users\felip\.m2\repository\com\netflix\netflix-commons\netflix-eventbus\0.3.0\netflix-eventbus-0.3.0.jar;C:\Users\felip\.m2\repository\com\netflix\netflix-commons\netflix-infix\0.3.0\netflix-infix-0.3.0.jar;C:\Users\felip\.m2\repository\commons-jxpath\commons-jxpath\1.3\commons-jxpath-1.3.jar;C:\Users\felip\.m2\repository\joda-time\joda-time\2.3\joda-time-2.3.jar;C:\Users\felip\.m2\repository\org\antlr\antlr-runtime\3.4\antlr-runtime-3.4.jar;C:\Users\felip\.m2\repository\org\antlr\stringtemplate\3.2.1\stringtemplate-3.2.1.jar;C:\Users\felip\.m2\repository\antlr\antlr\2.7.7\antlr-2.7.7.jar;C:\Users\felip\.m2\repository\org\apache\commons\commons-math\2.2\commons-math-2.2.jar;C:\Users\felip\.m2\repository\com\thoughtworks\xstream\xstream\1.4.19\xstream-1.4.19.jar;C:\Users\felip\.m2\repository\io\github\x-stream\mxparser\1.2.2\mxparser-1.2.2.jar;C:\Users\felip\.m2\repository\xmlpull\xmlpull\1.1.3.1\xmlpull-1.1.3.1.jar;C:\Users\felip\.m2\repository\jakarta\ws\rs\jakarta.ws.rs-api\3.1.0\jakarta.ws.rs-api-3.1.0.jar;C:\Users\felip\.m2\repository\jakarta\inject\jakarta.inject-api\2.0.1\jakarta.inject-api-2.0.1.jar;C:\Users\felip\.m2\repository\com\netflix\servo\servo-core\0.12.21\servo-core-0.12.21.jar;C:\Users\felip\.m2\repository\com\google\guava\guava\19.0\guava-19.0.jar;C:\Users\felip\.m2\repository\org\apache\httpcomponents\httpclient\4.5.14\httpclient-4.5.14.jar;C:\Users\felip\.m2\repository\org\apache\httpcomponents\httpcore\4.4.16\httpcore-4.4.16.jar;C:\Users\felip\.m2\repository\commons-configuration\commons-configuration\1.10\commons-configuration-1.10.jar;C:\Users\felip\.m2\repository\commons-lang\commons-lang\2.6\commons-lang-2.6.jar;C:\Users\felip\.m2\repository\com\fasterxml\jackson\core\jackson-annotations\2.14.2\jackson-annotations-2.14.2.jar;C:\Users\felip\.m2\repository\com\fasterxml\jackson\core\jackson-core\2.14.2\jackson-core-2.14.2.jar;C:\Users\felip\.m2\repository\org\codehaus\jettison\jettison\1.4.0\jettison-1.4.0.jar;C:\Users\felip\.m2\repository\com\netflix\eureka\eureka-core\2.0.0\eureka-core-2.0.0.jar;C:\Users\felip\.m2\repository\jakarta\servlet\jakarta.servlet-api\6.0.0\jakarta.servlet-api-6.0.0.jar;C:\Users\felip\.m2\repository\com\fasterxml\woodstox\woodstox-core\6.2.1\woodstox-core-6.2.1.jar;C:\Users\felip\.m2\repository\org\codehaus\woodstox\stax2-api\4.2.1\stax2-api-4.2.1.jar;C:\Users\felip\.m2\repository\org\springframework\cloud\spring-cloud-starter-loadbalancer\4.0.1\spring-cloud-starter-loadbalancer-4.0.1.jar;C:\Users\felip\.m2\repository\org\springframework\cloud\spring-cloud-loadbalancer\4.0.1\spring-cloud-loadbalancer-4.0.1.jar;C:\Users\felip\.m2\repository\org\springframework\boot\spring-boot-starter-cache\3.0.4\spring-boot-starter-cache-3.0.4.jar;C:\Users\felip\.m2\repository\org\springframework\spring-context-support\6.0.6\spring-context-support-6.0.6.jar;C:\Users\felip\.m2\repository\com\stoyanr\evictor\1.0.0\evictor-1.0.0.jar;C:\Users\felip\.m2\repository\org\projectlombok\lombok\1.18.26\lombok-1.18.26.jar;C:\Users\felip\.m2\repository\io\jsonwebtoken\jjwt-api\0.11.5\jjwt-api-0.11.5.jar;C:\Users\felip\.m2\repository\io\jsonwebtoken\jjwt-impl\0.11.5\jjwt-impl-0.11.5.jar;C:\Users\felip\.m2\repository\com\google\code\gson\gson\2.9.1\gson-2.9.1.jar;C:\Users\felip\.m2\repository\io\jsonwebtoken\jjwt-jackson\0.11.5\jjwt-jackson-0.11.5.jar;C:\Users\felip\.m2\repository\com\fasterxml\jackson\core\jackson-databind\2.14.2\jackson-databind-2.14.2.jar
Launcher Type: SUN_STANDARD

[Global flags]
     intx CICompilerCount                          = 2                                         {product} {ergonomic}
     uint ConcGCThreads                            = 1                                         {product} {ergonomic}
     uint G1ConcRefinementThreads                  = 2                                         {product} {ergonomic}
   size_t G1HeapRegionSize                         = 1048576                                   {product} {ergonomic}
    uintx GCDrainStackTargetSize                   = 64                                        {product} {ergonomic}
   size_t InitialHeapSize                          = 65011712                                  {product} {ergonomic}
   size_t MarkStackSize                            = 4194304                                   {product} {ergonomic}
   size_t MaxHeapSize                              = 1027604480                                {product} {ergonomic}
   size_t MinHeapDeltaBytes                        = 1048576                                   {product} {ergonomic}
   size_t MinHeapSize                              = 8388608                                   {product} {ergonomic}
    uintx NonNMethodCodeHeapSize                   = 5826188                                {pd product} {ergonomic}
    uintx NonProfiledCodeHeapSize                  = 122916026                              {pd product} {ergonomic}
    uintx ProfiledCodeHeapSize                     = 122916026                              {pd product} {ergonomic}
    uintx ReservedCodeCacheSize                    = 251658240                              {pd product} {ergonomic}
     bool SegmentedCodeCache                       = true                                      {product} {ergonomic}
   size_t SoftMaxHeapSize                          = 1027604480                             {manageable} {ergonomic}
     bool UseCompressedClassPointers               = true                           {product lp64_product} {ergonomic}
     bool UseCompressedOops                        = true                           {product lp64_product} {ergonomic}
     bool UseG1GC                                  = true                                      {product} {ergonomic}
     bool UseLargePagesIndividualAllocation        = false                                  {pd product} {ergonomic}

Logging:
Log output configuration:
 #0: stdout all=warning uptime,level,tags foldmultilines=false
 #1: stderr all=off uptime,level,tags foldmultilines=false

Environment Variables:
JAVA_HOME=C:\Program Files\Java\jdk-19
PATH=C:\Program Files\Common Files\Oracle\Java\javapath;C:\Windows\system32;C:\Windows;C:\Windows\System32\Wbem;C:\Windows\System32\WindowsPowerShell\v1.0\;C:\Windows\System32\OpenSSH\;C:\Program Files\nodejs\;C:\Program Files (x86)\Microsoft SQL Server\150\Tools\Binn\;C:\Program Files\Microsoft SQL Server\150\Tools\Binn\;C:\Program Files (x86)\Microsoft SQL Server\150\DTS\Binn\;C:\Program Files\Microsoft SQL Server\150\DTS\Binn\;C:\Program Files\Microsoft SQL Server\Client SDK\ODBC\170\Tools\Binn\;C:\ProgramData\chocolatey\bin;C:\Program Files\Git\cmd;C:\Program Files\Git\mingw64\bin;C:\Program Files\Git\usr\bin;C:\Users\felip\Downloads\apache-maven-3.8.6;C:\Users\felip\Downloads\apache-maven-3.8.6\bin;C:\Program Files\MongoDB\Server\6.0\bin;C:\Users\felip\AppData\Roaming\npm\node_modules\http-server;C:\Users\felip\AppData\Roaming\npm;C:\kotlin-compiler\kotlinc\bin;C:\Program Files\Docker\Docker\resources\bin;C:\Program Files\Graphviz\bin;C:\Users\felip\AppData\Local\Programs\Python\Python310;C:\Users\felip\AppData\Local\Programs\Python\Python310\Scripts;C:\Program Files\Java\jdk-19\bin;C:\Users\felip\AppData\Local\Programs\Python\Python39;C:\Users\felip\AppData\Local\Programs\Microsoft VS Code\bin;C:\Program Files\MongoDB\Server\6.0\bin;C:\Program Files\Docker\Docker\resources\bin;C:\Users\felip\AppData\Roaming\npm\node_modules\http-server;C:\Users\felip\AppData\Roaming\npm;C:\kotlin-compiler\kotlinc\bin;C:\Program Files\JetBrains\IntelliJ IDEA Community Edition 2023.2.5\bin;;C:\tools\dart-sdk\bin;C:\Users\felip\AppData\Local\Pub\Cache\bin;C:\dart\dart-sdk\bin;
USERNAME=felip
OS=Windows_NT
PROCESSOR_IDENTIFIER=Intel64 Family 6 Model 122 Stepping 8, GenuineIntel
TMP=C:\Users\felip\AppData\Local\Temp
TEMP=C:\Users\felip\AppData\Local\Temp



---------------  S Y S T E M  ---------------

OS:
 Windows 11 , 64 bit Build 22000 (10.0.22000.2538)
OS uptime: 3 days 11:59 hours
Hyper-V role detected

CPU: total 2 (initial active 2) (2 cores per cpu, 1 threads per core) family 6 model 122 stepping 8 microcode 0x18, cx8, cmov, fxsr, mmx, 3dnowpref, sse, sse2, sse3, ssse3, sse4.1, sse4.2, popcnt, tsc, tscinvbit, aes, erms, clmul, sha, clflush, clflushopt, hv, rdtscp, rdpid

Memory: 4k page, system-wide physical 3918M (257M free)
TotalPageFile size 15694M (AvailPageFile size 56M)
current process WorkingSet (physical memory assigned to process): 10M, peak: 10M
current process commit charge ("private bytes"): 47M, peak: 109M

vm_info: Java HotSpot(TM) 64-Bit Server VM (19.0.1+10-21) for windows-amd64 JRE (19.0.1+10-21), built on 2022-09-14T12:45:06Z by "mach5one" with MS VC++ 17.1 (VS2022)

END.
