#
# There is insufficient memory for the Java Runtime Environment to continue.
# Native memory allocation (malloc) failed to allocate 2097152 bytes for AllocateHeap
# Possible reasons:
#   The system is out of physical RAM or swap space
#   The process is running with CompressedOops enabled, and the Java Heap may be blocking the growth of the native heap
# Possible solutions:
#   Reduce memory load on the system
#   Increase physical memory or swap space
#   Check if swap backing store is full
#   Decrease Java heap size (-Xmx/-Xms)
#   Decrease number of Java threads
#   Decrease Java thread stack sizes (-Xss)
#   Set larger code cache with -XX:ReservedCodeCacheSize=
#   JVM is running with Unscaled Compressed Oops mode in which the Java heap is
#     placed in the first 4GB address space. The Java Heap base address is the
#     maximum limit for the native heap growth. Please use -XX:HeapBaseMinAddress
#     to set the Java Heap base and to place the Java Heap above 4GB virtual address.
# This output file may be truncated or incomplete.
#
#  Out of Memory Error (allocation.cpp:44), pid=4484, tid=14708
#
# JRE version: OpenJDK Runtime Environment Temurin-17.0.8.1+1 (17.0.8.1+1) (build 17.0.8.1+1)
# Java VM: OpenJDK 64-Bit Server VM Temurin-17.0.8.1+1 (17.0.8.1+1, mixed mode, emulated-client, tiered, compressed oops, compressed class ptrs, g1 gc, windows-amd64)
# No core dump will be written. Minidumps are not enabled by default on client versions of Windows
#

---------------  S U M M A R Y ------------

Command Line: -XX:+HeapDumpOnOutOfMemoryError -Xmx1024m -Dsts.lsp.client=vscode -Dsts.log.file=/dev/null -XX:TieredStopAtLevel=1 -Xlog:jni+resolve=off -Dspring.config.location=file:c:\Users\felip\.vscode\extensions\vmware.vscode-spring-boot-1.50.0\language-server\BOOT-INF\classes\application.properties org.springframework.ide.vscode.boot.app.BootLanguageServerBootApp

Host: Intel(R) Celeron(R) N4020 CPU @ 1.10GHz, 2 cores, 3G,  Windows 11 , 64 bit Build 22000 (10.0.22000.2360)
Time: Wed Nov 15 11:38:46 2023 Hora oficial do Brasil elapsed time: 292.279800 seconds (0d 0h 4m 52s)

---------------  T H R E A D  ---------------

Current thread (0x000001ee71f5de00):  VMThread "VM Thread" [stack: 0x000000d882700000,0x000000d882800000] [id=14708]

Stack: [0x000000d882700000,0x000000d882800000]
Native frames: (J=compiled Java code, j=interpreted, Vv=VM code, C=native code)
V  [jvm.dll+0x678b0a]
V  [jvm.dll+0x835e84]
V  [jvm.dll+0x83762e]
V  [jvm.dll+0x837c93]
V  [jvm.dll+0x24746f]
V  [jvm.dll+0xa697b]
V  [jvm.dll+0x2f7f41]
V  [jvm.dll+0x2f3b80]
V  [jvm.dll+0x2dc1c7]
V  [jvm.dll+0x31f227]
V  [jvm.dll+0x83c15b]
V  [jvm.dll+0x83ce94]
V  [jvm.dll+0x83d3ac]
V  [jvm.dll+0x83d784]
V  [jvm.dll+0x83d850]
V  [jvm.dll+0x7e64ca]
V  [jvm.dll+0x677955]
C  [ucrtbase.dll+0x26c0c]
C  [KERNEL32.DLL+0x153e0]
C  [ntdll.dll+0x485b]

VM_Operation (0x000000d8835fef90): G1CollectFull, mode: safepoint, requested by thread 0x000001ee770c2b00


---------------  P R O C E S S  ---------------

Threads class SMR info:
_java_thread_list=0x000001ee778fe8e0, length=20, elements={
0x000001ee71f97030, 0x000001ee71f97eb0, 0x000001ee71fc79c0, 0x000001ee71fc8550,
0x000001ee71fc9f90, 0x000001ee71fca860, 0x000001ee71fcb1e0, 0x000001ee72006f40,
0x000001ee722f7f60, 0x000001ee722fe040, 0x000001ee770b92a0, 0x000001ee770c2b00,
0x000001ee72635420, 0x000001ee65ee2b20, 0x000001ee721e93a0, 0x000001ee77389b80,
0x000001ee7738a060, 0x000001ee77a57000, 0x000001ee779e0060, 0x000001ee779e0f90
}

Java Threads: ( => current thread )
  0x000001ee71f97030 JavaThread "Reference Handler" daemon [_thread_blocked, id=5972, stack(0x000000d882800000,0x000000d882900000)]
  0x000001ee71f97eb0 JavaThread "Finalizer" daemon [_thread_blocked, id=10984, stack(0x000000d882900000,0x000000d882a00000)]
  0x000001ee71fc79c0 JavaThread "Signal Dispatcher" daemon [_thread_blocked, id=12756, stack(0x000000d882a00000,0x000000d882b00000)]
  0x000001ee71fc8550 JavaThread "Attach Listener" daemon [_thread_blocked, id=14580, stack(0x000000d882b00000,0x000000d882c00000)]
  0x000001ee71fc9f90 JavaThread "Service Thread" daemon [_thread_blocked, id=8996, stack(0x000000d882c00000,0x000000d882d00000)]
  0x000001ee71fca860 JavaThread "Monitor Deflation Thread" daemon [_thread_blocked, id=14328, stack(0x000000d882d00000,0x000000d882e00000)]
  0x000001ee71fcb1e0 JavaThread "C1 CompilerThread0" daemon [_thread_blocked, id=700, stack(0x000000d882e00000,0x000000d882f00000)]
  0x000001ee72006f40 JavaThread "Sweeper thread" daemon [_thread_blocked, id=16576, stack(0x000000d882f00000,0x000000d883000000)]
  0x000001ee722f7f60 JavaThread "Notification Thread" daemon [_thread_blocked, id=12724, stack(0x000000d883000000,0x000000d883100000)]
  0x000001ee722fe040 JavaThread "Common-Cleaner" daemon [_thread_blocked, id=11240, stack(0x000000d883200000,0x000000d883300000)]
  0x000001ee770b92a0 JavaThread "boundedElastic-evictor-1" daemon [_thread_blocked, id=1048, stack(0x000000d883400000,0x000000d883500000)]
  0x000001ee770c2b00 JavaThread "pool-11-thread-1" [_thread_blocked, id=17304, stack(0x000000d883500000,0x000000d883600000)]
  0x000001ee72635420 JavaThread "LanguageServerApp-lifecycle" [_thread_blocked, id=10316, stack(0x000000d883600000,0x000000d883700000)]
  0x000001ee65ee2b20 JavaThread "DestroyJavaVM" [_thread_blocked, id=11024, stack(0x000000d882000000,0x000000d882100000)]
  0x000001ee721e93a0 JavaThread "pool-12-thread-1" [_thread_in_native, id=20448, stack(0x000000d883700000,0x000000d883800000)]
  0x000001ee77389b80 JavaThread "Simple-Language-Server main thread" daemon [_thread_blocked, id=15120, stack(0x000000d883800000,0x000000d883900000)]
  0x000001ee7738a060 JavaThread "parallel-1" daemon [_thread_blocked, id=19372, stack(0x000000d883900000,0x000000d883a00000)]
  0x000001ee77a57000 JavaThread "pool-7-thread-1" [_thread_blocked, id=13404, stack(0x000000d883a00000,0x000000d883b00000)]
  0x000001ee779e0060 JavaThread "parallel-2" daemon [_thread_blocked, id=10392, stack(0x000000d883b00000,0x000000d883c00000)]
  0x000001ee779e0f90 JavaThread "Reconciler-1" daemon [_thread_blocked, id=5532, stack(0x000000d883c00000,0x000000d883d00000)]

Other Threads:
=>0x000001ee71f5de00 VMThread "VM Thread" [stack: 0x000000d882700000,0x000000d882800000] [id=14708]
  0x000001ee722f8440 WatcherThread [stack: 0x000000d883100000,0x000000d883200000] [id=17732]
  0x000001ee65f21b70 GCTaskThread "GC Thread#0" [stack: 0x000000d882200000,0x000000d882300000] [id=14076]
  0x000001ee724280b0 GCTaskThread "GC Thread#1" [stack: 0x000000d883300000,0x000000d883400000] [id=4844]
  0x000001ee65f2aac0 ConcurrentGCThread "G1 Main Marker" [stack: 0x000000d882300000,0x000000d882400000] [id=18988]
  0x000001ee65f2b4d0 ConcurrentGCThread "G1 Conc#0" [stack: 0x000000d882400000,0x000000d882500000] [id=17796]
  0x000001ee65f608b0 ConcurrentGCThread "G1 Refine#0" [stack: 0x000000d882500000,0x000000d882600000] [id=18240]
  0x000001ee65f612e0 ConcurrentGCThread "G1 Service" [stack: 0x000000d882600000,0x000000d882700000] [id=14744]

Threads with active compile tasks:

VM state: at safepoint (normal execution)

VM Mutex/Monitor currently owned by a thread:  ([mutex/lock_event])
[0x000001ee65caab00] Threads_lock - owner thread: 0x000001ee71f5de00
[0x000001ee65d6c6a0] Heap_lock - owner thread: 0x000001ee770c2b00

Heap address: 0x00000000c0000000, size: 1024 MB, Compressed Oops mode: 32-bit

CDS archive(s) not mapped
Compressed class space mapped at: 0x0000000100000000-0x0000000140000000, reserved size: 1073741824
Narrow klass base: 0x0000000000000000, Narrow klass shift: 3, Narrow klass range: 0x140000000

GC Precious Log:
 CPUs: 2 total, 2 available
 Memory: 3918M
 Large Page Support: Disabled
 NUMA Support: Disabled
 Compressed Oops: Enabled (32-bit)
 Heap Region Size: 1M
 Heap Min Capacity: 8M
 Heap Initial Capacity: 62M
 Heap Max Capacity: 1G
 Pre-touch: Disabled
 Parallel Workers: 2
 Concurrent Workers: 1
 Concurrent Refinement Workers: 2
 Periodic GC: Disabled

Heap:
 garbage-first heap   total 55296K, used 17744K [0x00000000c0000000, 0x0000000100000000)
  region size 1024K, 1 young (1024K), 0 survivors (0K)
 Metaspace       used 39029K, committed 39552K, reserved 1114112K
  class space    used 5156K, committed 5376K, reserved 1048576K

Heap Regions: E=young(eden), S=young(survivor), O=old, HS=humongous(starts), HC=humongous(continues), CS=collection set, F=free, OA=open archive, CA=closed archive, TAMS=top-at-mark-start (previous, next)
|   0|0x00000000c0000000, 0x00000000c00fffe8, 0x00000000c0100000| 99%| O|  |TAMS 0x00000000c00fffe8, 0x00000000c0000000| Untracked 
|   1|0x00000000c0100000, 0x00000000c0200000, 0x00000000c0200000|100%| O|  |TAMS 0x00000000c0200000, 0x00000000c0100000| Untracked 
|   2|0x00000000c0200000, 0x00000000c0300000, 0x00000000c0300000|100%| O|  |TAMS 0x00000000c0300000, 0x00000000c0200000| Untracked 
|   3|0x00000000c0300000, 0x00000000c0400000, 0x00000000c0400000|100%| O|  |TAMS 0x00000000c0400000, 0x00000000c0300000| Untracked 
|   4|0x00000000c0400000, 0x00000000c0500000, 0x00000000c0500000|100%| O|  |TAMS 0x00000000c0500000, 0x00000000c0400000| Untracked 
|   5|0x00000000c0500000, 0x00000000c0600000, 0x00000000c0600000|100%| O|  |TAMS 0x00000000c0600000, 0x00000000c0500000| Untracked 
|   6|0x00000000c0600000, 0x00000000c06feed0, 0x00000000c0700000| 99%| O|  |TAMS 0x00000000c06feed0, 0x00000000c0600000| Untracked 
|   7|0x00000000c0700000, 0x00000000c07ffff0, 0x00000000c0800000| 99%| O|  |TAMS 0x00000000c07ffff0, 0x00000000c0700000| Untracked 
|   8|0x00000000c0800000, 0x00000000c08ffff0, 0x00000000c0900000| 99%| O|  |TAMS 0x00000000c08ffff0, 0x00000000c0800000| Untracked 
|   9|0x00000000c0900000, 0x00000000c09fffb0, 0x00000000c0a00000| 99%| O|  |TAMS 0x00000000c09fffb0, 0x00000000c0900000| Untracked 
|  10|0x00000000c0a00000, 0x00000000c0affff0, 0x00000000c0b00000| 99%| O|  |TAMS 0x00000000c0affff0, 0x00000000c0a00000| Untracked 
|  11|0x00000000c0b00000, 0x00000000c0bffff8, 0x00000000c0c00000| 99%| O|  |TAMS 0x00000000c0bffff8, 0x00000000c0b00000| Untracked 
|  12|0x00000000c0c00000, 0x00000000c0cfffb0, 0x00000000c0d00000| 99%| O|  |TAMS 0x00000000c0cfffb0, 0x00000000c0c00000| Untracked 
|  13|0x00000000c0d00000, 0x00000000c0e00000, 0x00000000c0e00000|100%| O|  |TAMS 0x00000000c0e00000, 0x00000000c0d00000| Untracked 
|  14|0x00000000c0e00000, 0x00000000c0f00000, 0x00000000c0f00000|100%| O|  |TAMS 0x00000000c0f00000, 0x00000000c0e00000| Untracked 
|  15|0x00000000c0f00000, 0x00000000c0fffff0, 0x00000000c1000000| 99%| O|  |TAMS 0x00000000c0fffff0, 0x00000000c0f00000| Untracked 
|  16|0x00000000c1000000, 0x00000000c10531a0, 0x00000000c1100000| 32%| O|  |TAMS 0x00000000c1000000, 0x00000000c1000000| Untracked 
|  17|0x00000000c1100000, 0x00000000c1200000, 0x00000000c1200000|100%| O|  |TAMS 0x00000000c1200000, 0x00000000c1100000| Untracked 
|  18|0x00000000c1200000, 0x00000000c1200000, 0x00000000c1300000|  0%| F|  |TAMS 0x00000000c1200000, 0x00000000c1200000| Untracked 
|  19|0x00000000c1300000, 0x00000000c1300000, 0x00000000c1400000|  0%| F|  |TAMS 0x00000000c1300000, 0x00000000c1300000| Untracked 
|  20|0x00000000c1400000, 0x00000000c1400000, 0x00000000c1500000|  0%| F|  |TAMS 0x00000000c1400000, 0x00000000c1400000| Untracked 
|  21|0x00000000c1500000, 0x00000000c1500000, 0x00000000c1600000|  0%| F|  |TAMS 0x00000000c1500000, 0x00000000c1500000| Untracked 
|  22|0x00000000c1600000, 0x00000000c1600000, 0x00000000c1700000|  0%| F|  |TAMS 0x00000000c1600000, 0x00000000c1600000| Untracked 
|  23|0x00000000c1700000, 0x00000000c1700000, 0x00000000c1800000|  0%| F|  |TAMS 0x00000000c1700000, 0x00000000c1700000| Untracked 
|  24|0x00000000c1800000, 0x00000000c1800000, 0x00000000c1900000|  0%| F|  |TAMS 0x00000000c1800000, 0x00000000c1800000| Untracked 
|  25|0x00000000c1900000, 0x00000000c1900000, 0x00000000c1a00000|  0%| F|  |TAMS 0x00000000c1900000, 0x00000000c1900000| Untracked 
|  26|0x00000000c1a00000, 0x00000000c1a00000, 0x00000000c1b00000|  0%| F|  |TAMS 0x00000000c1a00000, 0x00000000c1a00000| Untracked 
|  27|0x00000000c1b00000, 0x00000000c1b00000, 0x00000000c1c00000|  0%| F|  |TAMS 0x00000000c1b00000, 0x00000000c1b00000| Untracked 
|  28|0x00000000c1c00000, 0x00000000c1c00000, 0x00000000c1d00000|  0%| F|  |TAMS 0x00000000c1c00000, 0x00000000c1c00000| Untracked 
|  29|0x00000000c1d00000, 0x00000000c1d00000, 0x00000000c1e00000|  0%| F|  |TAMS 0x00000000c1d00000, 0x00000000c1d00000| Untracked 
|  30|0x00000000c1e00000, 0x00000000c1e00000, 0x00000000c1f00000|  0%| F|  |TAMS 0x00000000c1e00000, 0x00000000c1e00000| Untracked 
|  31|0x00000000c1f00000, 0x00000000c1f00000, 0x00000000c2000000|  0%| F|  |TAMS 0x00000000c1f00000, 0x00000000c1f00000| Untracked 
|  32|0x00000000c2000000, 0x00000000c2000000, 0x00000000c2100000|  0%| F|  |TAMS 0x00000000c2000000, 0x00000000c2000000| Untracked 
|  33|0x00000000c2100000, 0x00000000c2100000, 0x00000000c2200000|  0%| F|  |TAMS 0x00000000c2100000, 0x00000000c2100000| Untracked 
|  34|0x00000000c2200000, 0x00000000c2202250, 0x00000000c2300000|  0%| O|  |TAMS 0x00000000c2200000, 0x00000000c2200000| Untracked 
|  35|0x00000000c2300000, 0x00000000c2300000, 0x00000000c2400000|  0%| F|  |TAMS 0x00000000c2300000, 0x00000000c2300000| Untracked 
|  36|0x00000000c2400000, 0x00000000c2400000, 0x00000000c2500000|  0%| F|  |TAMS 0x00000000c2400000, 0x00000000c2400000| Untracked 
|  37|0x00000000c2500000, 0x00000000c2500000, 0x00000000c2600000|  0%| F|  |TAMS 0x00000000c2500000, 0x00000000c2500000| Untracked 
|  38|0x00000000c2600000, 0x00000000c2600000, 0x00000000c2700000|  0%| F|  |TAMS 0x00000000c2600000, 0x00000000c2600000| Untracked 
|  39|0x00000000c2700000, 0x00000000c2700000, 0x00000000c2800000|  0%| F|  |TAMS 0x00000000c2700000, 0x00000000c2700000| Untracked 
|  40|0x00000000c2800000, 0x00000000c2800000, 0x00000000c2900000|  0%| F|  |TAMS 0x00000000c2800000, 0x00000000c2800000| Untracked 
|  41|0x00000000c2900000, 0x00000000c2900000, 0x00000000c2a00000|  0%| F|  |TAMS 0x00000000c2900000, 0x00000000c2900000| Untracked 
|  42|0x00000000c2a00000, 0x00000000c2a00000, 0x00000000c2b00000|  0%| F|  |TAMS 0x00000000c2a00000, 0x00000000c2a00000| Untracked 
|  43|0x00000000c2b00000, 0x00000000c2b00000, 0x00000000c2c00000|  0%| F|  |TAMS 0x00000000c2b00000, 0x00000000c2b00000| Untracked 
|  44|0x00000000c2c00000, 0x00000000c2c00000, 0x00000000c2d00000|  0%| F|  |TAMS 0x00000000c2c00000, 0x00000000c2c00000| Untracked 
|  45|0x00000000c2d00000, 0x00000000c2d00000, 0x00000000c2e00000|  0%| F|  |TAMS 0x00000000c2d00000, 0x00000000c2d00000| Untracked 
|  46|0x00000000c2e00000, 0x00000000c2e00000, 0x00000000c2f00000|  0%| F|  |TAMS 0x00000000c2e00000, 0x00000000c2e00000| Untracked 
|  47|0x00000000c2f00000, 0x00000000c2f00000, 0x00000000c3000000|  0%| F|  |TAMS 0x00000000c2f00000, 0x00000000c2f00000| Untracked 
|  48|0x00000000c3000000, 0x00000000c3000000, 0x00000000c3100000|  0%| F|  |TAMS 0x00000000c3000000, 0x00000000c3000000| Untracked 
|  49|0x00000000c3100000, 0x00000000c3100000, 0x00000000c3200000|  0%| F|  |TAMS 0x00000000c3100000, 0x00000000c3100000| Untracked 
|  50|0x00000000c3200000, 0x00000000c3200000, 0x00000000c3300000|  0%| F|  |TAMS 0x00000000c3200000, 0x00000000c3200000| Untracked 
|  51|0x00000000c3300000, 0x00000000c3300000, 0x00000000c3400000|  0%| F|  |TAMS 0x00000000c3300000, 0x00000000c3300000| Untracked 
|  52|0x00000000c3400000, 0x00000000c3400000, 0x00000000c3500000|  0%| F|  |TAMS 0x00000000c3400000, 0x00000000c3400000| Untracked 
|  61|0x00000000c3d00000, 0x00000000c3d38548, 0x00000000c3e00000| 22%| E|  |TAMS 0x00000000c3d00000, 0x00000000c3d00000| Complete 

Card table byte_map: [0x000001ee6d7c0000,0x000001ee6d9c0000] _byte_map_base: 0x000001ee6d1c0000

Marking Bits (Prev, Next): (CMBitMap*) 0x000001ee65f221d0, (CMBitMap*) 0x000001ee65f22190
 Prev Bits: [0x000001ee6ebc0000, 0x000001ee6fbc0000)
 Next Bits: [0x000001ee6dbc0000, 0x000001ee6ebc0000)

Polling page: 0x000001ee65fa0000

Metaspace:

Usage:
  Non-class:     33.08 MB used.
      Class:      5.04 MB used.
       Both:     38.11 MB used.

Virtual space:
  Non-class space:       64.00 MB reserved,      33.38 MB ( 52%) committed,  1 nodes.
      Class space:        1.00 GB reserved,       5.25 MB ( <1%) committed,  1 nodes.
             Both:        1.06 GB reserved,      38.62 MB (  4%) committed. 

Chunk freelists:
   Non-Class:  14.06 MB
       Class:  10.88 MB
        Both:  24.94 MB

MaxMetaspaceSize: unlimited
CompressedClassSpaceSize: 1.00 GB
Initial GC threshold: 21.00 MB
Current GC threshold: 64.38 MB
CDS: off
MetaspaceReclaimPolicy: balanced
 - commit_granule_bytes: 65536.
 - commit_granule_words: 8192.
 - virtual_space_node_default_size: 8388608.
 - enlarge_chunks_in_place: 1.
 - new_chunks_are_fully_committed: 0.
 - uncommit_free_chunks: 1.
 - use_allocation_guard: 0.
 - handle_deallocations: 1.


Internal statistics:

num_allocs_failed_limit: 6.
num_arena_births: 498.
num_arena_deaths: 150.
num_vsnodes_births: 2.
num_vsnodes_deaths: 0.
num_space_committed: 618.
num_space_uncommitted: 0.
num_chunks_returned_to_freelist: 173.
num_chunks_taken_from_freelist: 1664.
num_chunk_merges: 53.
num_chunk_splits: 1152.
num_chunks_enlarged: 876.
num_inconsistent_stats: 0.

CodeCache: size=49152Kb used=6559Kb max_used=6559Kb free=42593Kb
 bounds [0x000001ee6a340000, 0x000001ee6a9b0000, 0x000001ee6d340000]
 total_blobs=4046 nmethods=3503 adapters=471
 compilation: enabled
              stopped_count=0, restarted_count=0
 full_count=0

Compilation events (20 events):
Event: 174.043 Thread 0x000001ee71fcb1e0 3508       1       com.google.gson.internal.$Gson$Types$ParameterizedTypeImpl::getOwnerType (5 bytes)
Event: 174.044 Thread 0x000001ee71fcb1e0 nmethod 3508 0x000001ee6a9a4890 code [0x000001ee6a9a4a20, 0x000001ee6a9a4af8]
Event: 174.047 Thread 0x000001ee71fcb1e0 3509       1       jdk.internal.reflect.UnsafeObjectFieldAccessorImpl::set (56 bytes)
Event: 174.056 Thread 0x000001ee71fcb1e0 nmethod 3509 0x000001ee6a9a4b90 code [0x000001ee6a9a4de0, 0x000001ee6a9a53a8]
Event: 174.056 Thread 0x000001ee71fcb1e0 3510       1       jdk.internal.reflect.MethodAccessorImpl::<init> (5 bytes)
Event: 174.056 Thread 0x000001ee71fcb1e0 nmethod 3510 0x000001ee6a9a5810 code [0x000001ee6a9a59a0, 0x000001ee6a9a5a58]
Event: 174.074 Thread 0x000001ee71fcb1e0 3511       1       java.util.jar.JarFile::getManEntry (39 bytes)
Event: 174.076 Thread 0x000001ee71fcb1e0 nmethod 3511 0x000001ee6a9a5b10 code [0x000001ee6a9a5cc0, 0x000001ee6a9a5e78]
Event: 174.100 Thread 0x000001ee71fcb1e0 3512       1       java.net.URI$Parser::at (23 bytes)
Event: 174.102 Thread 0x000001ee71fcb1e0 nmethod 3512 0x000001ee6a9a5f90 code [0x000001ee6a9a6140, 0x000001ee6a9a6378]
Event: 174.114 Thread 0x000001ee71fcb1e0 3513  s    1       java.lang.StringBuffer::append (13 bytes)
Event: 174.116 Thread 0x000001ee71fcb1e0 nmethod 3513 0x000001ee6a9a6590 code [0x000001ee6a9a6720, 0x000001ee6a9a68e8]
Event: 174.116 Thread 0x000001ee71fcb1e0 3514       1       java.io.StringWriter::write (10 bytes)
Event: 174.116 Thread 0x000001ee71fcb1e0 nmethod 3514 0x000001ee6a9a6990 code [0x000001ee6a9a6b40, 0x000001ee6a9a6d28]
Event: 174.669 Thread 0x000001ee71fcb1e0 3515       1       org.eclipse.lsp4j.jsonrpc.json.adapters.TypeUtils::isTwoTuple (39 bytes)
Event: 174.670 Thread 0x000001ee71fcb1e0 nmethod 3515 0x000001ee6a9a6e10 code [0x000001ee6a9a6fe0, 0x000001ee6a9a7268]
Event: 252.181 Thread 0x000001ee71fcb1e0 3516       1       java.util.ArrayList::<init> (63 bytes)
Event: 252.200 Thread 0x000001ee71fcb1e0 nmethod 3516 0x000001ee6a9a7390 code [0x000001ee6a9a7560, 0x000001ee6a9a7838]
Event: 292.172 Thread 0x000001ee71fcb1e0 3517       1       java.util.concurrent.ThreadPoolExecutor::runStateAtLeast (11 bytes)
Event: 292.181 Thread 0x000001ee71fcb1e0 nmethod 3517 0x000001ee6a9a7910 code [0x000001ee6a9a7aa0, 0x000001ee6a9a7b58]

GC Heap History (20 events):
Event: 135.078 GC heap before
{Heap before GC invocations=14 (full 1):
 garbage-first heap   total 55296K, used 20173K [0x00000000c0000000, 0x0000000100000000)
  region size 1024K, 1 young (1024K), 0 survivors (0K)
 Metaspace       used 39123K, committed 39552K, reserved 1114112K
  class space    used 5177K, committed 5376K, reserved 1048576K
}
Event: 135.175 GC heap after
{Heap after GC invocations=15 (full 2):
 garbage-first heap   total 55296K, used 17713K [0x00000000c0000000, 0x0000000100000000)
  region size 1024K, 0 young (0K), 0 survivors (0K)
 Metaspace       used 38996K, committed 39552K, reserved 1114112K
  class space    used 5145K, committed 5376K, reserved 1048576K
}
Event: 147.103 GC heap before
{Heap before GC invocations=15 (full 2):
 garbage-first heap   total 55296K, used 17713K [0x00000000c0000000, 0x0000000100000000)
  region size 1024K, 1 young (1024K), 0 survivors (0K)
 Metaspace       used 38996K, committed 39552K, reserved 1114112K
  class space    used 5145K, committed 5376K, reserved 1048576K
}
Event: 147.292 GC heap after
{Heap after GC invocations=16 (full 3):
 garbage-first heap   total 55296K, used 17713K [0x00000000c0000000, 0x0000000100000000)
  region size 1024K, 0 young (0K), 0 survivors (0K)
 Metaspace       used 38996K, committed 39552K, reserved 1114112K
  class space    used 5145K, committed 5376K, reserved 1048576K
}
Event: 157.817 GC heap before
{Heap before GC invocations=16 (full 3):
 garbage-first heap   total 55296K, used 17713K [0x00000000c0000000, 0x0000000100000000)
  region size 1024K, 1 young (1024K), 0 survivors (0K)
 Metaspace       used 38996K, committed 39552K, reserved 1114112K
  class space    used 5145K, committed 5376K, reserved 1048576K
}
Event: 157.849 GC heap after
{Heap after GC invocations=17 (full 4):
 garbage-first heap   total 55296K, used 17713K [0x00000000c0000000, 0x0000000100000000)
  region size 1024K, 0 young (0K), 0 survivors (0K)
 Metaspace       used 38996K, committed 39552K, reserved 1114112K
  class space    used 5145K, committed 5376K, reserved 1048576K
}
Event: 170.023 GC heap before
{Heap before GC invocations=17 (full 4):
 garbage-first heap   total 55296K, used 17713K [0x00000000c0000000, 0x0000000100000000)
  region size 1024K, 1 young (1024K), 0 survivors (0K)
 Metaspace       used 38996K, committed 39552K, reserved 1114112K
  class space    used 5145K, committed 5376K, reserved 1048576K
}
Event: 170.161 GC heap after
{Heap after GC invocations=18 (full 5):
 garbage-first heap   total 55296K, used 17713K [0x00000000c0000000, 0x0000000100000000)
  region size 1024K, 0 young (0K), 0 survivors (0K)
 Metaspace       used 38996K, committed 39552K, reserved 1114112K
  class space    used 5145K, committed 5376K, reserved 1048576K
}
Event: 211.756 GC heap before
{Heap before GC invocations=18 (full 5):
 garbage-first heap   total 55296K, used 18737K [0x00000000c0000000, 0x0000000100000000)
  region size 1024K, 2 young (2048K), 0 survivors (0K)
 Metaspace       used 39028K, committed 39552K, reserved 1114112K
  class space    used 5156K, committed 5376K, reserved 1048576K
}
Event: 213.497 GC heap after
{Heap after GC invocations=19 (full 6):
 garbage-first heap   total 55296K, used 18090K [0x00000000c0000000, 0x0000000100000000)
  region size 1024K, 0 young (0K), 0 survivors (0K)
 Metaspace       used 39028K, committed 39552K, reserved 1114112K
  class space    used 5156K, committed 5376K, reserved 1048576K
}
Event: 226.703 GC heap before
{Heap before GC invocations=19 (full 6):
 garbage-first heap   total 55296K, used 18090K [0x00000000c0000000, 0x0000000100000000)
  region size 1024K, 1 young (1024K), 0 survivors (0K)
 Metaspace       used 39028K, committed 39552K, reserved 1114112K
  class space    used 5156K, committed 5376K, reserved 1048576K
}
Event: 226.958 GC heap after
{Heap after GC invocations=20 (full 7):
 garbage-first heap   total 55296K, used 17745K [0x00000000c0000000, 0x0000000100000000)
  region size 1024K, 0 young (0K), 0 survivors (0K)
 Metaspace       used 39028K, committed 39552K, reserved 1114112K
  class space    used 5156K, committed 5376K, reserved 1048576K
}
Event: 239.987 GC heap before
{Heap before GC invocations=20 (full 7):
 garbage-first heap   total 55296K, used 17745K [0x00000000c0000000, 0x0000000100000000)
  region size 1024K, 1 young (1024K), 0 survivors (0K)
 Metaspace       used 39029K, committed 39552K, reserved 1114112K
  class space    used 5156K, committed 5376K, reserved 1048576K
}
Event: 240.072 GC heap after
{Heap after GC invocations=21 (full 8):
 garbage-first heap   total 55296K, used 17744K [0x00000000c0000000, 0x0000000100000000)
  region size 1024K, 0 young (0K), 0 survivors (0K)
 Metaspace       used 39029K, committed 39552K, reserved 1114112K
  class space    used 5156K, committed 5376K, reserved 1048576K
}
Event: 250.938 GC heap before
{Heap before GC invocations=21 (full 8):
 garbage-first heap   total 55296K, used 17744K [0x00000000c0000000, 0x0000000100000000)
  region size 1024K, 1 young (1024K), 0 survivors (0K)
 Metaspace       used 39029K, committed 39552K, reserved 1114112K
  class space    used 5156K, committed 5376K, reserved 1048576K
}
Event: 251.012 GC heap after
{Heap after GC invocations=22 (full 9):
 garbage-first heap   total 55296K, used 17744K [0x00000000c0000000, 0x0000000100000000)
  region size 1024K, 0 young (0K), 0 survivors (0K)
 Metaspace       used 39029K, committed 39552K, reserved 1114112K
  class space    used 5156K, committed 5376K, reserved 1048576K
}
Event: 261.565 GC heap before
{Heap before GC invocations=22 (full 9):
 garbage-first heap   total 55296K, used 17744K [0x00000000c0000000, 0x0000000100000000)
  region size 1024K, 1 young (1024K), 0 survivors (0K)
 Metaspace       used 39029K, committed 39552K, reserved 1114112K
  class space    used 5156K, committed 5376K, reserved 1048576K
}
Event: 261.717 GC heap after
{Heap after GC invocations=23 (full 10):
 garbage-first heap   total 55296K, used 17744K [0x00000000c0000000, 0x0000000100000000)
  region size 1024K, 0 young (0K), 0 survivors (0K)
 Metaspace       used 39029K, committed 39552K, reserved 1114112K
  class space    used 5156K, committed 5376K, reserved 1048576K
}
Event: 273.120 GC heap before
{Heap before GC invocations=23 (full 10):
 garbage-first heap   total 55296K, used 17744K [0x00000000c0000000, 0x0000000100000000)
  region size 1024K, 1 young (1024K), 0 survivors (0K)
 Metaspace       used 39029K, committed 39552K, reserved 1114112K
  class space    used 5156K, committed 5376K, reserved 1048576K
}
Event: 273.406 GC heap after
{Heap after GC invocations=24 (full 11):
 garbage-first heap   total 55296K, used 17744K [0x00000000c0000000, 0x0000000100000000)
  region size 1024K, 0 young (0K), 0 survivors (0K)
 Metaspace       used 39029K, committed 39552K, reserved 1114112K
  class space    used 5156K, committed 5376K, reserved 1048576K
}

Dll operation events (8 events):
Event: 0.036 Loaded shared library c:\Users\felip\.vscode\extensions\redhat.java-1.24.0-win32-x64\jre\17.0.8.1-win32-x86_64\bin\java.dll
Event: 10.673 Loaded shared library C:\Users\felip\.vscode\extensions\redhat.java-1.24.0-win32-x64\jre\17.0.8.1-win32-x86_64\bin\net.dll
Event: 10.718 Loaded shared library C:\Users\felip\.vscode\extensions\redhat.java-1.24.0-win32-x64\jre\17.0.8.1-win32-x86_64\bin\nio.dll
Event: 10.746 Loaded shared library C:\Users\felip\.vscode\extensions\redhat.java-1.24.0-win32-x64\jre\17.0.8.1-win32-x86_64\bin\zip.dll
Event: 19.307 Loaded shared library C:\Users\felip\.vscode\extensions\redhat.java-1.24.0-win32-x64\jre\17.0.8.1-win32-x86_64\bin\jimage.dll
Event: 63.969 Loaded shared library c:\Users\felip\.vscode\extensions\redhat.java-1.24.0-win32-x64\jre\17.0.8.1-win32-x86_64\bin\verify.dll
Event: 74.410 Loaded shared library C:\Users\felip\.vscode\extensions\redhat.java-1.24.0-win32-x64\jre\17.0.8.1-win32-x86_64\bin\management.dll
Event: 74.419 Loaded shared library C:\Users\felip\.vscode\extensions\redhat.java-1.24.0-win32-x64\jre\17.0.8.1-win32-x86_64\bin\management_ext.dll

Deoptimization events (8 events):
Event: 48.445 Thread 0x000001ee65ee2b20 DEOPT PACKING pc=0x000001ee6a781e99 sp=0x000000d8820fd100
Event: 48.445 Thread 0x000001ee65ee2b20 DEOPT UNPACKING pc=0x000001ee6a397124 sp=0x000000d8820fc5e0 mode 3
Event: 52.109 Thread 0x000001ee65ee2b20 DEOPT PACKING pc=0x000001ee6a7fadd5 sp=0x000000d8820fe670
Event: 52.109 Thread 0x000001ee65ee2b20 DEOPT UNPACKING pc=0x000001ee6a397124 sp=0x000000d8820fdb18 mode 3
Event: 77.008 Thread 0x000001ee77389b80 DEOPT PACKING pc=0x000001ee6a98dcb5 sp=0x000000d8838fda00
Event: 77.008 Thread 0x000001ee77389b80 DEOPT UNPACKING pc=0x000001ee6a397124 sp=0x000000d8838fcf28 mode 3
Event: 173.590 Thread 0x000001ee721e93a0 DEOPT PACKING pc=0x000001ee6a8c8354 sp=0x000000d8837ff200
Event: 173.591 Thread 0x000001ee721e93a0 DEOPT UNPACKING pc=0x000001ee6a397124 sp=0x000000d8837fe6a8 mode 0

Classes unloaded (20 events):
Event: 135.134 Thread 0x000001ee71f5de00 Unloading class 0x0000000100398000 'java/lang/invoke/LambdaForm$DMH+0x0000000100398000'
Event: 135.134 Thread 0x000001ee71f5de00 Unloading class 0x0000000100225c00 'java/lang/invoke/LambdaForm$MH+0x0000000100225c00'
Event: 135.134 Thread 0x000001ee71f5de00 Unloading class 0x00000001000d6000 'java/lang/invoke/LambdaForm$MH+0x00000001000d6000'
Event: 135.134 Thread 0x000001ee71f5de00 Unloading class 0x00000001000d5c00 'java/lang/invoke/LambdaForm$MH+0x00000001000d5c00'
Event: 135.134 Thread 0x000001ee71f5de00 Unloading class 0x00000001000d5800 'java/lang/invoke/LambdaForm$MH+0x00000001000d5800'
Event: 135.134 Thread 0x000001ee71f5de00 Unloading class 0x00000001000d5400 'java/lang/invoke/LambdaForm$MH+0x00000001000d5400'
Event: 135.134 Thread 0x000001ee71f5de00 Unloading class 0x00000001000d5000 'java/lang/invoke/LambdaForm$MH+0x00000001000d5000'
Event: 135.134 Thread 0x000001ee71f5de00 Unloading class 0x00000001000d4c00 'java/lang/invoke/LambdaForm$MH+0x00000001000d4c00'
Event: 135.134 Thread 0x000001ee71f5de00 Unloading class 0x00000001000d4800 'java/lang/invoke/LambdaForm$MH+0x00000001000d4800'
Event: 135.134 Thread 0x000001ee71f5de00 Unloading class 0x00000001000d4400 'java/lang/invoke/LambdaForm$MH+0x00000001000d4400'
Event: 135.134 Thread 0x000001ee71f5de00 Unloading class 0x00000001000ce800 'java/lang/invoke/LambdaForm$MH+0x00000001000ce800'
Event: 135.134 Thread 0x000001ee71f5de00 Unloading class 0x00000001000ce400 'java/lang/invoke/LambdaForm$MH+0x00000001000ce400'
Event: 135.134 Thread 0x000001ee71f5de00 Unloading class 0x00000001000ce000 'java/lang/invoke/LambdaForm$MH+0x00000001000ce000'
Event: 135.134 Thread 0x000001ee71f5de00 Unloading class 0x00000001000cdc00 'java/lang/invoke/LambdaForm$MH+0x00000001000cdc00'
Event: 135.134 Thread 0x000001ee71f5de00 Unloading class 0x00000001000cd800 'java/lang/invoke/LambdaForm$MH+0x00000001000cd800'
Event: 135.134 Thread 0x000001ee71f5de00 Unloading class 0x00000001000cd400 'java/lang/invoke/LambdaForm$MH+0x00000001000cd400'
Event: 135.134 Thread 0x000001ee71f5de00 Unloading class 0x00000001000ccc00 'java/lang/invoke/LambdaForm$MH+0x00000001000ccc00'
Event: 135.134 Thread 0x000001ee71f5de00 Unloading class 0x00000001000cc800 'java/lang/invoke/LambdaForm$MH+0x00000001000cc800'
Event: 135.134 Thread 0x000001ee71f5de00 Unloading class 0x00000001000cc000 'java/lang/invoke/LambdaForm$MH+0x00000001000cc000'
Event: 135.134 Thread 0x000001ee71f5de00 Unloading class 0x00000001000cbc00 'java/lang/invoke/LambdaForm$MH+0x00000001000cbc00'

Classes redefined (0 events):
No events

Internal exceptions (20 events):
Event: 54.405 Thread 0x000001ee65ee2b20 Exception <a 'java/lang/NoSuchMethodError'{0x00000000c2639828}: 'java.lang.Object java.lang.invoke.DelegatingMethodHandle$Holder.delegate(java.lang.Object, int, java.lang.Object, java.lang.Object)'> (0x00000000c2639828) 
thrown [s\src\hotspot\share\interpreter\linkResolver.cpp, line 759]
Event: 54.413 Thread 0x000001ee65ee2b20 Exception <a 'java/lang/NoSuchMethodError'{0x00000000c264a6b0}: 'int java.lang.invoke.Invokers$Holder.linkToTargetMethod(java.lang.Object, java.lang.Object, java.lang.Object)'> (0x00000000c264a6b0) 
thrown [s\src\hotspot\share\interpreter\linkResolver.cpp, line 759]
Event: 55.131 Thread 0x000001ee65ee2b20 Exception <a 'java/lang/NoSuchMethodError'{0x00000000c24fc768}: 'void java.lang.invoke.DirectMethodHandle$Holder.invokeSpecial(java.lang.Object, java.lang.Object, java.lang.Object, java.lang.Object, java.lang.Object, java.lang.Object)'> (0x00000000c24fc768) 
thrown [s\src\hotspot\share\interpreter\linkResolver.cpp, line 759]
Event: 55.593 Thread 0x000001ee65ee2b20 Exception <a 'java/lang/NoSuchMethodError'{0x00000000c22aa658}: 'java.lang.Object java.lang.invoke.DirectMethodHandle$Holder.invokeStaticInit(java.lang.Object, int, int, int, int)'> (0x00000000c22aa658) 
thrown [s\src\hotspot\share\interpreter\linkResolver.cpp, line 759]
Event: 57.743 Thread 0x000001ee65ee2b20 Exception <a 'java/lang/NoSuchMethodError'{0x00000000c2199d88}: 'java.lang.Object java.lang.invoke.DirectMethodHandle$Holder.invokeStaticInit(java.lang.Object, java.lang.Object, int, int, int, int)'> (0x00000000c2199d88) 
thrown [s\src\hotspot\share\interpreter\linkResolver.cpp, line 759]
Event: 62.181 Thread 0x000001ee65ee2b20 Exception <a 'java/lang/NoSuchMethodError'{0x00000000c2f9a448}: 'void java.lang.invoke.DirectMethodHandle$Holder.invokeSpecialIFC(java.lang.Object, java.lang.Object, java.lang.Object)'> (0x00000000c2f9a448) 
thrown [s\src\hotspot\share\interpreter\linkResolver.cpp, line 759]
Event: 68.435 Thread 0x000001ee65ee2b20 Exception <a 'java/lang/NoSuchMethodError'{0x00000000c32b8c40}: 'void java.lang.invoke.DirectMethodHandle$Holder.invokeSpecial(java.lang.Object, java.lang.Object, java.lang.Object, java.lang.Object, java.lang.Object, java.lang.Object, java.lang.Object)'> (0x00000000c32b8c40) 
thrown [s\src\hotspot\share\interpreter\linkResolver.cpp, line 759]
Event: 68.472 Thread 0x000001ee65ee2b20 Exception <a 'java/lang/NoSuchMethodError'{0x00000000c32c3460}: 'java.lang.Object java.lang.invoke.DirectMethodHandle$Holder.newInvokeSpecial(java.lang.Object, java.lang.Object, java.lang.Object, java.lang.Object, java.lang.Object, java.lang.Object)'> (0x00000000c32c3460) 
thrown [s\src\hotspot\share\interpreter\linkResolver.cpp, line 759]
Event: 71.115 Thread 0x000001ee65ee2b20 Exception <a 'java/lang/NoSuchMethodError'{0x00000000c2eb17c8}: 'java.lang.Object java.lang.invoke.DirectMethodHandle$Holder.invokeInterface(java.lang.Object, java.lang.Object, int)'> (0x00000000c2eb17c8) 
thrown [s\src\hotspot\share\interpreter\linkResolver.cpp, line 759]
Event: 71.141 Thread 0x000001ee65ee2b20 Exception <a 'java/lang/IncompatibleClassChangeError'{0x00000000c2ec4af0}: Found class java.lang.Object, but interface was expected> (0x00000000c2ec4af0) 
thrown [s\src\hotspot\share\interpreter\linkResolver.cpp, line 826]
Event: 74.318 Thread 0x000001ee65ee2b20 Exception <a 'java/lang/NoSuchMethodError'{0x00000000c3dfb540}: 'java.lang.Object java.lang.invoke.DirectMethodHandle$Holder.newInvokeSpecial(java.lang.Object, java.lang.Object, int, java.lang.Object, java.lang.Object)'> (0x00000000c3dfb540) 
thrown [s\src\hotspot\share\interpreter\linkResolver.cpp, line 759]
Event: 74.321 Thread 0x000001ee65ee2b20 Exception <a 'java/lang/NoSuchMethodError'{0x00000000c340e898}: 'java.lang.Object java.lang.invoke.DirectMethodHandle$Holder.invokeSpecial(java.lang.Object, java.lang.Object, int, java.lang.Object, int, java.lang.Object)'> (0x00000000c340e898) 
thrown [s\src\hotspot\share\interpreter\linkResolver.cpp, line 759]
Event: 74.322 Thread 0x000001ee65ee2b20 Exception <a 'java/lang/NoSuchMethodError'{0x00000000c34166a0}: 'java.lang.Object java.lang.invoke.DirectMethodHandle$Holder.newInvokeSpecial(java.lang.Object, java.lang.Object, int, java.lang.Object, int)'> (0x00000000c34166a0) 
thrown [s\src\hotspot\share\interpreter\linkResolver.cpp, line 759]
Event: 74.325 Thread 0x000001ee65ee2b20 Exception <a 'java/lang/NoSuchMethodError'{0x00000000c341a7a0}: 'java.lang.Object java.lang.invoke.DirectMethodHandle$Holder.invokeSpecial(java.lang.Object, java.lang.Object, java.lang.Object, int, java.lang.Object, int)'> (0x00000000c341a7a0) 
thrown [s\src\hotspot\share\interpreter\linkResolver.cpp, line 759]
Event: 76.931 Thread 0x000001ee721e93a0 Exception <a 'java/lang/NoSuchMethodError'{0x00000000c2a125b8}: 'java.lang.Object java.lang.invoke.DirectMethodHandle$Holder.invokeStatic(java.lang.Object, java.lang.Object, java.lang.Object, int, java.lang.Object, java.lang.Object)'> (0x00000000c2a125b8) 
thrown [s\src\hotspot\share\interpreter\linkResolver.cpp, line 759]
Event: 77.001 Thread 0x000001ee77389b80 Exception <a 'java/lang/NoSuchMethodError'{0x00000000c2a55dc0}: 'java.lang.Object java.lang.invoke.DirectMethodHandle$Holder.invokeStatic(java.lang.Object, int, java.lang.Object)'> (0x00000000c2a55dc0) 
thrown [s\src\hotspot\share\interpreter\linkResolver.cpp, line 759]
Event: 78.324 Thread 0x000001ee779e0f90 Exception <a 'java/lang/NoSuchMethodError'{0x00000000c24d55d8}: 'int java.lang.invoke.DirectMethodHandle$Holder.invokeStatic(java.lang.Object)'> (0x00000000c24d55d8) 
thrown [s\src\hotspot\share\interpreter\linkResolver.cpp, line 759]
Event: 78.325 Thread 0x000001ee779e0f90 Exception <a 'java/lang/NoSuchMethodError'{0x00000000c24d89d8}: 'int java.lang.invoke.DirectMethodHandle$Holder.invokeStaticInit(java.lang.Object)'> (0x00000000c24d89d8) 
thrown [s\src\hotspot\share\interpreter\linkResolver.cpp, line 759]
Event: 116.801 Thread 0x000001ee770c2b00 Exception <a 'java/lang/NoSuchMethodError'{0x00000000c3dd3e98}: 'void java.lang.invoke.DirectMethodHandle$Holder.invokeStatic(java.lang.Object, long)'> (0x00000000c3dd3e98) 
thrown [s\src\hotspot\share\interpreter\linkResolver.cpp, line 759]
Event: 116.835 Thread 0x000001ee770c2b00 Exception <a 'java/lang/NoSuchMethodError'{0x00000000c3dd9240}: 'java.lang.Object java.lang.invoke.DirectMethodHandle$Holder.newInvokeSpecial(java.lang.Object, long)'> (0x00000000c3dd9240) 
thrown [s\src\hotspot\share\interpreter\linkResolver.cpp, line 759]

VM Operations (20 events):
Event: 170.161 Executing VM operation: G1CollectFull done
Event: 174.191 Executing VM operation: Cleanup
Event: 174.478 Executing VM operation: Cleanup done
Event: 175.481 Executing VM operation: Cleanup
Event: 175.482 Executing VM operation: Cleanup done
Event: 211.691 Executing VM operation: G1CollectFull
Event: 213.501 Executing VM operation: G1CollectFull done
Event: 226.694 Executing VM operation: G1CollectFull
Event: 226.959 Executing VM operation: G1CollectFull done
Event: 239.986 Executing VM operation: G1CollectFull
Event: 240.073 Executing VM operation: G1CollectFull done
Event: 250.938 Executing VM operation: G1CollectFull
Event: 251.013 Executing VM operation: G1CollectFull done
Event: 261.561 Executing VM operation: G1CollectFull
Event: 261.717 Executing VM operation: G1CollectFull done
Event: 262.719 Executing VM operation: Cleanup
Event: 262.719 Executing VM operation: Cleanup done
Event: 273.117 Executing VM operation: G1CollectFull
Event: 273.407 Executing VM operation: G1CollectFull done
Event: 292.246 Executing VM operation: G1CollectFull

Events (20 events):
Event: 116.841 loading class java/lang/ProcessImpl$2
Event: 116.859 loading class java/lang/ProcessImpl$2 done
Event: 116.865 loading class java/lang/Process$PipeInputStream
Event: 116.869 loading class java/lang/Process$PipeInputStream done
Event: 116.902 loading class jdk/internal/event/ProcessStartEvent
Event: 116.906 loading class jdk/internal/event/ProcessStartEvent done
Event: 121.190 loading class java/io/FileOutputStream$1
Event: 121.200 loading class java/io/FileOutputStream$1 done
Event: 173.751 loading class java/util/concurrent/CompletableFuture$UniApply
Event: 173.780 loading class java/util/concurrent/CompletableFuture$UniApply done
Event: 173.801 Thread 0x000001ee779e14a0 Thread added: 0x000001ee779e14a0
Event: 173.806 loading class java/util/concurrent/CompletableFuture$UniExceptionally
Event: 173.807 loading class java/util/concurrent/CompletableFuture$UniExceptionally done
Event: 174.061 loading class java/util/concurrent/CompletableFuture$UniCompose
Event: 174.064 loading class java/util/concurrent/CompletableFuture$UniCompose done
Event: 174.065 Thread 0x000001ee779e3810 Thread added: 0x000001ee779e3810
Event: 174.516 loading class java/util/concurrent/CompletableFuture$UniRelay
Event: 174.548 loading class java/util/concurrent/CompletableFuture$UniRelay done
Event: 174.549 Thread 0x000001ee779e3810 Thread exited: 0x000001ee779e3810
Event: 234.691 Thread 0x000001ee779e14a0 Thread exited: 0x000001ee779e14a0


Dynamic libraries:
0x00007ff7d1300000 - 0x00007ff7d130e000 	c:\Users\felip\.vscode\extensions\redhat.java-1.24.0-win32-x64\jre\17.0.8.1-win32-x86_64\bin\java.exe
0x00007ffcfc000000 - 0x00007ffcfc209000 	C:\Windows\SYSTEM32\ntdll.dll
0x00007ffcfb8c0000 - 0x00007ffcfb97d000 	C:\Windows\System32\KERNEL32.DLL
0x00007ffcf9a40000 - 0x00007ffcf9dc4000 	C:\Windows\System32\KERNELBASE.dll
0x00007ffcf9490000 - 0x00007ffcf95a1000 	C:\Windows\System32\ucrtbase.dll
0x00007ffcf6530000 - 0x00007ffcf6547000 	c:\Users\felip\.vscode\extensions\redhat.java-1.24.0-win32-x64\jre\17.0.8.1-win32-x86_64\bin\jli.dll
0x00007ffcfb520000 - 0x00007ffcfb6cd000 	C:\Windows\System32\USER32.dll
0x00007ffcf9620000 - 0x00007ffcf9646000 	C:\Windows\System32\win32u.dll
0x00007ffcfb980000 - 0x00007ffcfb9aa000 	C:\Windows\System32\GDI32.dll
0x00007ffcf97c0000 - 0x00007ffcf98de000 	C:\Windows\System32\gdi32full.dll
0x00007ffcf98e0000 - 0x00007ffcf997d000 	C:\Windows\System32\msvcp_win.dll
0x00007ffcf6510000 - 0x00007ffcf6529000 	c:\Users\felip\.vscode\extensions\redhat.java-1.24.0-win32-x64\jre\17.0.8.1-win32-x86_64\bin\VCRUNTIME140.dll
0x00007ffce72a0000 - 0x00007ffce7545000 	C:\Windows\WinSxS\amd64_microsoft.windows.common-controls_6595b64144ccf1df_6.0.22000.120_none_9d947278b86cc467\COMCTL32.dll
0x00007ffcfa3a0000 - 0x00007ffcfa443000 	C:\Windows\System32\msvcrt.dll
0x00007ffcfa8d0000 - 0x00007ffcfa901000 	C:\Windows\System32\IMM32.DLL
0x00007ffcf7330000 - 0x00007ffcf733c000 	c:\Users\felip\.vscode\extensions\redhat.java-1.24.0-win32-x64\jre\17.0.8.1-win32-x86_64\bin\vcruntime140_1.dll
0x00007ffceac10000 - 0x00007ffceaca1000 	c:\Users\felip\.vscode\extensions\redhat.java-1.24.0-win32-x64\jre\17.0.8.1-win32-x86_64\bin\msvcp140.dll
0x00007ffc97ff0000 - 0x00007ffc98c3c000 	c:\Users\felip\.vscode\extensions\redhat.java-1.24.0-win32-x64\jre\17.0.8.1-win32-x86_64\bin\server\jvm.dll
0x00007ffcfbe40000 - 0x00007ffcfbeee000 	C:\Windows\System32\ADVAPI32.dll
0x00007ffcfa830000 - 0x00007ffcfa8ce000 	C:\Windows\System32\sechost.dll
0x00007ffcfaa10000 - 0x00007ffcfab31000 	C:\Windows\System32\RPCRT4.dll
0x00007ffcf91c0000 - 0x00007ffcf920d000 	C:\Windows\SYSTEM32\POWRPROF.dll
0x00007ffcf70c0000 - 0x00007ffcf70c9000 	C:\Windows\SYSTEM32\WSOCK32.dll
0x00007ffcf9e50000 - 0x00007ffcf9ebf000 	C:\Windows\System32\WS2_32.dll
0x00007ffcf2cf0000 - 0x00007ffcf2d23000 	C:\Windows\SYSTEM32\WINMM.dll
0x00007ffcf7150000 - 0x00007ffcf715a000 	C:\Windows\SYSTEM32\VERSION.dll
0x00007ffcf91a0000 - 0x00007ffcf91b3000 	C:\Windows\SYSTEM32\UMPDC.dll
0x00007ffcf84c0000 - 0x00007ffcf84d8000 	C:\Windows\SYSTEM32\kernel.appcore.dll
0x00007ffcf6500000 - 0x00007ffcf650a000 	c:\Users\felip\.vscode\extensions\redhat.java-1.24.0-win32-x64\jre\17.0.8.1-win32-x86_64\bin\jimage.dll
0x00007ffce2890000 - 0x00007ffce2ab1000 	C:\Windows\SYSTEM32\DBGHELP.DLL
0x00007ffcdde90000 - 0x00007ffcddec1000 	C:\Windows\SYSTEM32\dbgcore.DLL
0x00007ffcf9dd0000 - 0x00007ffcf9e4f000 	C:\Windows\System32\bcryptPrimitives.dll
0x00007ffcf4090000 - 0x00007ffcf40b5000 	c:\Users\felip\.vscode\extensions\redhat.java-1.24.0-win32-x64\jre\17.0.8.1-win32-x86_64\bin\java.dll
0x00007ffcf57a0000 - 0x00007ffcf57b8000 	c:\Users\felip\.vscode\extensions\redhat.java-1.24.0-win32-x64\jre\17.0.8.1-win32-x86_64\bin\zip.dll
0x00007ffcfabb0000 - 0x00007ffcfb375000 	C:\Windows\System32\SHELL32.dll
0x00007ffcf7520000 - 0x00007ffcf7d82000 	C:\Windows\SYSTEM32\windows.storage.dll
0x00007ffcfa4b0000 - 0x00007ffcfa826000 	C:\Windows\System32\combase.dll
0x00007ffcf73b0000 - 0x00007ffcf7517000 	C:\Windows\SYSTEM32\wintypes.dll
0x00007ffcfb7b0000 - 0x00007ffcfb89a000 	C:\Windows\System32\SHCORE.dll
0x00007ffcfa450000 - 0x00007ffcfa4ad000 	C:\Windows\System32\shlwapi.dll
0x00007ffcf93c0000 - 0x00007ffcf93e5000 	C:\Windows\SYSTEM32\profapi.dll
0x00007ffcf5690000 - 0x00007ffcf56a9000 	C:\Users\felip\.vscode\extensions\redhat.java-1.24.0-win32-x64\jre\17.0.8.1-win32-x86_64\bin\net.dll
0x00007ffcf1b20000 - 0x00007ffcf1c34000 	C:\Windows\SYSTEM32\WINHTTP.dll
0x00007ffcf8960000 - 0x00007ffcf89c7000 	C:\Windows\system32\mswsock.dll
0x00007ffcf4070000 - 0x00007ffcf4085000 	C:\Users\felip\.vscode\extensions\redhat.java-1.24.0-win32-x64\jre\17.0.8.1-win32-x86_64\bin\nio.dll
0x00007ffcf8c30000 - 0x00007ffcf8c48000 	C:\Windows\SYSTEM32\CRYPTSP.dll
0x00007ffcf8420000 - 0x00007ffcf8455000 	C:\Windows\system32\rsaenh.dll
0x00007ffcf8a00000 - 0x00007ffcf8a2c000 	C:\Windows\SYSTEM32\USERENV.dll
0x00007ffcf8de0000 - 0x00007ffcf8e07000 	C:\Windows\SYSTEM32\bcrypt.dll
0x00007ffcf8b50000 - 0x00007ffcf8b5c000 	C:\Windows\SYSTEM32\CRYPTBASE.dll
0x00007ffcf8020000 - 0x00007ffcf804d000 	C:\Windows\SYSTEM32\IPHLPAPI.DLL
0x00007ffcfaa00000 - 0x00007ffcfaa09000 	C:\Windows\System32\NSI.dll
0x00007ffcf1b00000 - 0x00007ffcf1b19000 	C:\Windows\SYSTEM32\dhcpcsvc6.DLL
0x00007ffcf2d30000 - 0x00007ffcf2d4e000 	C:\Windows\SYSTEM32\dhcpcsvc.DLL
0x00007ffcf8050000 - 0x00007ffcf8137000 	C:\Windows\SYSTEM32\DNSAPI.dll
0x00007ffcf6490000 - 0x00007ffcf64a0000 	c:\Users\felip\.vscode\extensions\redhat.java-1.24.0-win32-x64\jre\17.0.8.1-win32-x86_64\bin\verify.dll
0x00007ffcf7380000 - 0x00007ffcf7389000 	C:\Users\felip\.vscode\extensions\redhat.java-1.24.0-win32-x64\jre\17.0.8.1-win32-x86_64\bin\management.dll
0x00007ffcf65c0000 - 0x00007ffcf65cb000 	C:\Users\felip\.vscode\extensions\redhat.java-1.24.0-win32-x64\jre\17.0.8.1-win32-x86_64\bin\management_ext.dll
0x00007ffcfb8b0000 - 0x00007ffcfb8b8000 	C:\Windows\System32\PSAPI.DLL

dbghelp: loaded successfully - version: 4.0.5 - missing functions: none
symbol engine: initialized successfully - sym options: 0x614 - pdb path: .;c:\Users\felip\.vscode\extensions\redhat.java-1.24.0-win32-x64\jre\17.0.8.1-win32-x86_64\bin;C:\Windows\SYSTEM32;C:\Windows\WinSxS\amd64_microsoft.windows.common-controls_6595b64144ccf1df_6.0.22000.120_none_9d947278b86cc467;c:\Users\felip\.vscode\extensions\redhat.java-1.24.0-win32-x64\jre\17.0.8.1-win32-x86_64\bin\server

VM Arguments:
jvm_args: -XX:+HeapDumpOnOutOfMemoryError -Xmx1024m -Dsts.lsp.client=vscode -Dsts.log.file=/dev/null -XX:TieredStopAtLevel=1 -Xlog:jni+resolve=off -Dspring.config.location=file:c:\Users\felip\.vscode\extensions\vmware.vscode-spring-boot-1.50.0\language-server\BOOT-INF\classes\application.properties 
java_command: org.springframework.ide.vscode.boot.app.BootLanguageServerBootApp
java_class_path (initial): c:\Users\felip\.vscode\extensions\vmware.vscode-spring-boot-1.50.0\language-server\BOOT-INF\classes;c:\Users\felip\.vscode\extensions\vmware.vscode-spring-boot-1.50.0\language-server\BOOT-INF\lib\annotations-24.0.1.jar;c:\Users\felip\.vscode\extensions\vmware.vscode-spring-boot-1.50.0\language-server\BOOT-INF\lib\antlr-runtime-3.5.3.jar;c:\Users\felip\.vscode\extensions\vmware.vscode-spring-boot-1.50.0\language-server\BOOT-INF\lib\antlr4-4.11.1.jar;c:\Users\felip\.vscode\extensions\vmware.vscode-spring-boot-1.50.0\language-server\BOOT-INF\lib\antlr4-runtime-4.11.1.jar;c:\Users\felip\.vscode\extensions\vmware.vscode-spring-boot-1.50.0\language-server\BOOT-INF\lib\archunit-1.1.0.jar;c:\Users\felip\.vscode\extensions\vmware.vscode-spring-boot-1.50.0\language-server\BOOT-INF\lib\asm-9.5.jar;c:\Users\felip\.vscode\extensions\vmware.vscode-spring-boot-1.50.0\language-server\BOOT-INF\lib\asm-analysis-9.5.jar;c:\Users\felip\.vscode\extensions\vmware.vscode-spring-boot-1.50.0\language-server\BOOT-INF\lib\asm-tree-9.5.jar;c:\Users\felip\.vscode\extensions\vmware.vscode-spring-boot-1.50.0\language-server\BOOT-INF\lib\asm-util-9.5.jar;c:\Users\felip\.vscode\extensions\vmware.vscode-spring-boot-1.50.0\language-server\BOOT-INF\lib\bosh-language-server-1.50.0-SNAPSHOT.jar;c:\Users\felip\.vscode\extensions\vmware.vscode-spring-boot-1.50.0\language-server\BOOT-INF\lib\caffeine-3.1.8.jar;c:\Users\felip\.vscode\extensions\vmware.vscode-spring-boot-1.50.0\language-server\BOOT-INF\lib\checker-qual-3.12.0.jar;c:\Users\felip\.vscode\extensions\vmware.vscode-spring-boot-1.50.0\language-server\BOOT-INF\lib\classgraph-4.8.149.jar;c:\Users\felip\.vscode\extensions\vmware.vscode-spring-boot-1.50.0\language-server\BOOT-INF\lib\commons-codec-1.15.jar;c:\Users\felip\.vscode\extensions\vmware.vscode-spring-boot-1.50.0\language-server\BOOT-INF\lib\commons-compress-1.24.0.jar;c:\Users\felip\.vscode\extensions\vmware.vscode-spring-boot-1.50.0\language-server\BOOT-INF\lib\
Launcher Type: SUN_STANDARD

[Global flags]
     intx CICompilerCount                          = 2                                         {product} {ergonomic}
     uint ConcGCThreads                            = 1                                         {product} {ergonomic}
     uint G1ConcRefinementThreads                  = 2                                         {product} {ergonomic}
   size_t G1HeapRegionSize                         = 1048576                                   {product} {ergonomic}
    uintx GCDrainStackTargetSize                   = 64                                        {product} {ergonomic}
     bool HeapDumpOnOutOfMemoryError               = true                                   {manageable} {command line}
   size_t InitialHeapSize                          = 65011712                                  {product} {ergonomic}
   size_t MarkStackSize                            = 4194304                                   {product} {ergonomic}
   size_t MaxHeapSize                              = 1073741824                                {product} {command line}
   size_t MaxNewSize                               = 643825664                                 {product} {ergonomic}
   size_t MinHeapDeltaBytes                        = 1048576                                   {product} {ergonomic}
   size_t MinHeapSize                              = 8388608                                   {product} {ergonomic}
    uintx NonProfiledCodeHeapSize                  = 0                                      {pd product} {ergonomic}
     bool ProfileInterpreter                       = false                                  {pd product} {command line}
    uintx ProfiledCodeHeapSize                     = 0                                      {pd product} {ergonomic}
   size_t SoftMaxHeapSize                          = 1073741824                             {manageable} {ergonomic}
     intx TieredStopAtLevel                        = 1                                         {product} {command line}
     bool UseCompressedClassPointers               = true                           {product lp64_product} {ergonomic}
     bool UseCompressedOops                        = true                           {product lp64_product} {ergonomic}
     bool UseG1GC                                  = true                                      {product} {ergonomic}
     bool UseLargePagesIndividualAllocation        = false                                  {pd product} {ergonomic}

Logging:
Log output configuration:
 #0: stdout all=warning,jni+resolve=off uptime,level,tags
 #1: stderr all=off uptime,level,tags

Environment Variables:
JAVA_HOME=C:\Program Files\Java\jdk-19
PATH=C:\Program Files\Common Files\Oracle\Java\javapath;C:\Windows\system32;C:\Windows;C:\Windows\System32\Wbem;C:\Windows\System32\WindowsPowerShell\v1.0\;C:\Windows\System32\OpenSSH\;C:\Program Files\nodejs\;C:\Program Files (x86)\Microsoft SQL Server\150\Tools\Binn\;C:\Program Files\Microsoft SQL Server\150\Tools\Binn\;C:\Program Files (x86)\Microsoft SQL Server\150\DTS\Binn\;C:\Program Files\Microsoft SQL Server\150\DTS\Binn\;C:\Program Files\Microsoft SQL Server\Client SDK\ODBC\170\Tools\Binn\;C:\ProgramData\chocolatey\bin;C:\Program Files\Git\cmd;C:\Program Files\Git\mingw64\bin;C:\Program Files\Git\usr\bin;C:\Users\felip\Downloads\apache-maven-3.8.6;C:\Users\felip\Downloads\apache-maven-3.8.6\bin;C:\Program Files\MongoDB\Server\6.0\bin;C:\Users\felip\AppData\Roaming\npm\node_modules\http-server;C:\Users\felip\AppData\Roaming\npm;C:\kotlin-compiler\kotlinc\bin;C:\Program Files\Docker\Docker\resources\bin;C:\Users\felip\AppData\Local\Programs\Python\Python310;C:\Users\felip\AppData\Local\Programs\Python\Python310\Scripts;C:\Program Files\Java\jdk-19\bin;C:\Users\felip\AppData\Local\Programs\Python\Python39;C:\Users\felip\AppData\Local\Programs\Microsoft VS Code\bin;C:\Users\felip\AppData\Local\Programs\mongosh\;C:\Program Files\MongoDB\Server\6.0\bin;C:\Program Files\Docker\Docker\resources\bin;C:\Users\felip\AppData\Roaming\npm\node_modules\http-server;C:\Users\felip\AppData\Roaming\npm;C:\kotlin-compiler\kotlinc\bin
USERNAME=felip
OS=Windows_NT
PROCESSOR_IDENTIFIER=Intel64 Family 6 Model 122 Stepping 8, GenuineIntel
TMP=C:\Users\felip\AppData\Local\Temp
TEMP=C:\Users\felip\AppData\Local\Temp



---------------  S Y S T E M  ---------------

OS:
 Windows 11 , 64 bit Build 22000 (10.0.22000.2360)
OS uptime: 3 days 12:44 hours
Hyper-V role detected

CPU: total 2 (initial active 2) (2 cores per cpu, 1 threads per core) family 6 model 122 stepping 8 microcode 0x18, cx8, cmov, fxsr, mmx, 3dnowpref, sse, sse2, sse3, ssse3, sse4.1, sse4.2, popcnt, tsc, tscinvbit, aes, erms, clmul, sha, clflush, clflushopt, hv
Processor Information for all 2 processors :
  Max Mhz: 1101, Current Mhz: 1101, Mhz Limit: 1101

Memory: 4k page, system-wide physical 3918M (221M free)
TotalPageFile size 15694M (AvailPageFile size 15M)
current process WorkingSet (physical memory assigned to process): 8M, peak: 106M
current process commit charge ("private bytes"): 173M, peak: 175M

vm_info: OpenJDK 64-Bit Server VM (17.0.8.1+1) for windows-amd64 JRE (17.0.8.1+1), built on Aug 23 2023 15:29:17 by "admin" with MS VC++ 16.7 (VS2019)

END.
